<?xml version="1.0" encoding="UTF-8"?>
<!-- Generated by org.testng.reporters.JUnitXMLReporter -->
<testsuite ignored="0" hostname="LIN-5CD5265GX5" failures="3" tests="3" name="Surefire test" time="15.79" errors="0" timestamp="2026-03-05T11:47:23 IST">
  <testcase classname="io.cucumber.testng.AbstractTestNGCucumberTests" name="runScenario" time="5.447">
    <failure type="java.lang.AssertionError" message="expected [Samsung phones - Google Search] but found [https://www.google.com/search?safe=active&amp;amp;q=Samsung+phones&amp;amp;sca_esv=e44a3b63b1b18493&amp;amp;source=hp&amp;amp;ei=5B-pacnfJJmwwcsPmPWY8Aw&amp;amp;iflsig=AFdpzrgAAAAAaakt9AYfDdqjI5_DdP3ULcY6PiCBV80J&amp;amp;ved=0ahUKEwjJ4ZeXjoiTAxUZWHADHZg6Bs4Q4dUDCCg&amp;amp;uact=5&amp;amp;oq=Samsung+phones&amp;amp;gs_lp=Egdnd3Mtd2l6Ig5TYW1zdW5nIHBob25lc0ggUABYHnAAeACQAQCYAQCgAQCqAQC4AQPIAQD4AQGYAgCgAgCYAwCSBwCgBwCyBwC4BwDCBwDIBwCACAA&amp;amp;sclient=gws-wiz&amp;amp;sei=5R-paZzZMOShnesP9LGJ6Q0&amp;amp;safe=active]">
      <![CDATA[java.lang.AssertionError: expected [Samsung phones - Google Search] but found [https://www.google.com/search?safe=active&q=Samsung+phones&sca_esv=e44a3b63b1b18493&source=hp&ei=5B-pacnfJJmwwcsPmPWY8Aw&iflsig=AFdpzrgAAAAAaakt9AYfDdqjI5_DdP3ULcY6PiCBV80J&ved=0ahUKEwjJ4ZeXjoiTAxUZWHADHZg6Bs4Q4dUDCCg&uact=5&oq=Samsung+phones&gs_lp=Egdnd3Mtd2l6Ig5TYW1zdW5nIHBob25lc0ggUABYHnAAeACQAQCYAQCgAQCqAQC4AQPIAQD4AQGYAgCgAgCYAwCSBwCgBwCyBwC4BwDCBwDIBwCACAA&sclient=gws-wiz&sei=5R-paZzZMOShnesP9LGJ6Q0&safe=active]
at stepDefinitions.GoogleSearch_stepDef.user_can_successfully_see_the_product_iphone_phones_google_search(GoogleSearch_stepDef.java:40)
at ✽.user can successfully see the product "Samsung phones - Google Search"(file:///C:/Users/dsenthi1/eclipse-workspace/Cucumber_BDD/src/test/resources/features/Google_Search.feature:8)
... Removed 6 stack frames]]>
    </failure>
  </testcase> <!-- runScenario -->
  <testcase classname="io.cucumber.testng.AbstractTestNGCucumberTests" name="runScenario" time="5.065">
    <failure type="java.lang.AssertionError" message="expected [Iphone phones - Google Search] but found [https://www.google.com/search?safe=active&amp;amp;q=Iphone+phones&amp;amp;sca_esv=e44a3b63b1b18493&amp;amp;source=hp&amp;amp;ei=6R-padP_G7ztseMP07HKgQI&amp;amp;iflsig=AFdpzrgAAAAAaakt-TSlL0YUrzkGnoytjbgN-EW_R0G-&amp;amp;ved=0ahUKEwiTmMCZjoiTAxW8dmwGHdOYMiAQ4dUDCCg&amp;amp;uact=5&amp;amp;oq=Iphone+phones&amp;amp;gs_lp=Egdnd3Mtd2l6Ig1JcGhvbmUgcGhvbmVzSB9QAFgdcAB4AJABAJgBAKABAKoBALgBA8gBAPgBAZgCAKACAJgDAJIHAKAHALIHALgHAMIHAMgHAIAIAA&amp;amp;sclient=gws-wiz&amp;amp;sei=6h-paZnPMfbsseMPgdqjmA0&amp;amp;safe=active]">
      <![CDATA[java.lang.AssertionError: expected [Iphone phones - Google Search] but found [https://www.google.com/search?safe=active&q=Iphone+phones&sca_esv=e44a3b63b1b18493&source=hp&ei=6R-padP_G7ztseMP07HKgQI&iflsig=AFdpzrgAAAAAaakt-TSlL0YUrzkGnoytjbgN-EW_R0G-&ved=0ahUKEwiTmMCZjoiTAxW8dmwGHdOYMiAQ4dUDCCg&uact=5&oq=Iphone+phones&gs_lp=Egdnd3Mtd2l6Ig1JcGhvbmUgcGhvbmVzSB9QAFgdcAB4AJABAJgBAKABAKoBALgBA8gBAPgBAZgCAKACAJgDAJIHAKAHALIHALgHAMIHAMgHAIAIAA&sclient=gws-wiz&sei=6h-paZnPMfbsseMPgdqjmA0&safe=active]
at stepDefinitions.GoogleSearch_stepDef.user_can_successfully_see_the_product_iphone_phones_google_search(GoogleSearch_stepDef.java:40)
at ✽.user can successfully see the product "Iphone phones - Google Search"(file:///C:/Users/dsenthi1/eclipse-workspace/Cucumber_BDD/src/test/resources/features/Google_Search.feature:8)
... Removed 6 stack frames]]>
    </failure>
  </testcase> <!-- runScenario -->
  <testcase classname="io.cucumber.testng.AbstractTestNGCucumberTests" name="runScenario" time="4.672">
    <failure type="java.lang.AssertionError" message="expected [Oneplus phones - Google Search] but found [Google Search]">
      <![CDATA[java.lang.AssertionError: expected [Oneplus phones - Google Search] but found [Google Search]
at stepDefinitions.GoogleSearch_stepDef.user_can_successfully_see_the_product_iphone_phones_google_search(GoogleSearch_stepDef.java:40)
at ✽.user can successfully see the product "Oneplus phones - Google Search"(file:///C:/Users/dsenthi1/eclipse-workspace/Cucumber_BDD/src/test/resources/features/Google_Search.feature:8)
... Removed 6 stack frames]]>
    </failure>
  </testcase> <!-- runScenario -->
</testsuite> <!-- Surefire test -->
