<?xml version="1.0" encoding="UTF-8"?>
<testng-results ignored="0" total="3" passed="0" failed="3" skipped="0">
  <reporter-output>
  </reporter-output>
  <suite started-at="2026-03-05T11:47:07 IST" name="Surefire suite" finished-at="2026-03-05T11:47:23 IST" duration-ms="15790">
    <groups>
      <group name="cucumber">
        <method signature="AbstractTestNGCucumberTests.runScenario(io.cucumber.testng.PickleWrapper,io.cucumber.testng.FeatureWrapper)[pri:0, instance:testRunner.GoogleSearch_TestRunner@1afd44cb]" name="runScenario" class="io.cucumber.testng.AbstractTestNGCucumberTests"/>
      </group> <!-- cucumber -->
    </groups>
    <test started-at="2026-03-05T11:47:07 IST" name="Surefire test" finished-at="2026-03-05T11:47:23 IST" duration-ms="15790">
      <class name="testRunner.GoogleSearch_TestRunner">
        <test-method is-config="true" signature="setUpClass(org.testng.ITestContext)[pri:0, instance:testRunner.GoogleSearch_TestRunner@1afd44cb]" started-at="2026-03-05T11:47:07 IST" name="setUpClass" finished-at="2026-03-05T11:47:07 IST" duration-ms="524" status="PASS">
          <params>
            <param index="0">
              <value>
                <![CDATA[org.testng.TestRunner@6ac0b715]]>
              </value>
            </param>
          </params>
          <reporter-output>
          </reporter-output>
        </test-method> <!-- setUpClass -->
        <test-method signature="runScenario(io.cucumber.testng.PickleWrapper,io.cucumber.testng.FeatureWrapper)[pri:0, instance:testRunner.GoogleSearch_TestRunner@1afd44cb]" started-at="2026-03-05T11:47:07 IST" name="runScenario" description="Runs Cucumber Scenarios" data-provider="scenarios" finished-at="2026-03-05T11:47:13 IST" duration-ms="5447" status="FAIL">
          <params>
            <param index="0">
              <value>
                <![CDATA["Google Search Test with multiple data"]]>
              </value>
            </param>
            <param index="1">
              <value>
                <![CDATA["Google Search Functionality"]]>
              </value>
            </param>
          </params>
          <exception class="java.lang.AssertionError">
            <message>
              <![CDATA[expected [Samsung phones - Google Search] but found [https://www.google.com/search?safe=active&q=Samsung+phones&sca_esv=e44a3b63b1b18493&source=hp&ei=5B-pacnfJJmwwcsPmPWY8Aw&iflsig=AFdpzrgAAAAAaakt9AYfDdqjI5_DdP3ULcY6PiCBV80J&ved=0ahUKEwjJ4ZeXjoiTAxUZWHADHZg6Bs4Q4dUDCCg&uact=5&oq=Samsung+phones&gs_lp=Egdnd3Mtd2l6Ig5TYW1zdW5nIHBob25lc0ggUABYHnAAeACQAQCYAQCgAQCqAQC4AQPIAQD4AQGYAgCgAgCYAwCSBwCgBwCyBwC4BwDCBwDIBwCACAA&sclient=gws-wiz&sei=5R-paZzZMOShnesP9LGJ6Q0&safe=active]]]>
            </message>
            <full-stacktrace>
              <![CDATA[java.lang.AssertionError: expected [Samsung phones - Google Search] but found [https://www.google.com/search?safe=active&q=Samsung+phones&sca_esv=e44a3b63b1b18493&source=hp&ei=5B-pacnfJJmwwcsPmPWY8Aw&iflsig=AFdpzrgAAAAAaakt9AYfDdqjI5_DdP3ULcY6PiCBV80J&ved=0ahUKEwjJ4ZeXjoiTAxUZWHADHZg6Bs4Q4dUDCCg&uact=5&oq=Samsung+phones&gs_lp=Egdnd3Mtd2l6Ig5TYW1zdW5nIHBob25lc0ggUABYHnAAeACQAQCYAQCgAQCqAQC4AQPIAQD4AQGYAgCgAgCYAwCSBwCgBwCyBwC4BwDCBwDIBwCACAA&sclient=gws-wiz&sei=5R-paZzZMOShnesP9LGJ6Q0&safe=active]
at org.testng.Assert.fail(Assert.java:111)
at org.testng.Assert.failNotEquals(Assert.java:1590)
at org.testng.Assert.assertEqualsImpl(Assert.java:150)
at org.testng.Assert.assertEquals(Assert.java:132)
at org.testng.Assert.assertEquals(Assert.java:656)
at org.testng.Assert.assertEquals(Assert.java:666)
at stepDefinitions.GoogleSearch_stepDef.user_can_successfully_see_the_product_iphone_phones_google_search(GoogleSearch_stepDef.java:40)
at ✽.user can successfully see the product "Samsung phones - Google Search"(file:///C:/Users/dsenthi1/eclipse-workspace/Cucumber_BDD/src/test/resources/features/Google_Search.feature:8)
]]>
            </full-stacktrace>
          </exception> <!-- java.lang.AssertionError -->
          <reporter-output>
          </reporter-output>
        </test-method> <!-- runScenario -->
        <test-method signature="runScenario(io.cucumber.testng.PickleWrapper,io.cucumber.testng.FeatureWrapper)[pri:0, instance:testRunner.GoogleSearch_TestRunner@1afd44cb]" started-at="2026-03-05T11:47:13 IST" name="runScenario" description="Runs Cucumber Scenarios" data-provider="scenarios" finished-at="2026-03-05T11:47:18 IST" duration-ms="5065" status="FAIL">
          <params>
            <param index="0">
              <value>
                <![CDATA["Google Search Test with multiple data"]]>
              </value>
            </param>
            <param index="1">
              <value>
                <![CDATA["Google Search Functionality"]]>
              </value>
            </param>
          </params>
          <exception class="java.lang.AssertionError">
            <message>
              <![CDATA[expected [Iphone phones - Google Search] but found [https://www.google.com/search?safe=active&q=Iphone+phones&sca_esv=e44a3b63b1b18493&source=hp&ei=6R-padP_G7ztseMP07HKgQI&iflsig=AFdpzrgAAAAAaakt-TSlL0YUrzkGnoytjbgN-EW_R0G-&ved=0ahUKEwiTmMCZjoiTAxW8dmwGHdOYMiAQ4dUDCCg&uact=5&oq=Iphone+phones&gs_lp=Egdnd3Mtd2l6Ig1JcGhvbmUgcGhvbmVzSB9QAFgdcAB4AJABAJgBAKABAKoBALgBA8gBAPgBAZgCAKACAJgDAJIHAKAHALIHALgHAMIHAMgHAIAIAA&sclient=gws-wiz&sei=6h-paZnPMfbsseMPgdqjmA0&safe=active]]]>
            </message>
            <full-stacktrace>
              <![CDATA[java.lang.AssertionError: expected [Iphone phones - Google Search] but found [https://www.google.com/search?safe=active&q=Iphone+phones&sca_esv=e44a3b63b1b18493&source=hp&ei=6R-padP_G7ztseMP07HKgQI&iflsig=AFdpzrgAAAAAaakt-TSlL0YUrzkGnoytjbgN-EW_R0G-&ved=0ahUKEwiTmMCZjoiTAxW8dmwGHdOYMiAQ4dUDCCg&uact=5&oq=Iphone+phones&gs_lp=Egdnd3Mtd2l6Ig1JcGhvbmUgcGhvbmVzSB9QAFgdcAB4AJABAJgBAKABAKoBALgBA8gBAPgBAZgCAKACAJgDAJIHAKAHALIHALgHAMIHAMgHAIAIAA&sclient=gws-wiz&sei=6h-paZnPMfbsseMPgdqjmA0&safe=active]
at org.testng.Assert.fail(Assert.java:111)
at org.testng.Assert.failNotEquals(Assert.java:1590)
at org.testng.Assert.assertEqualsImpl(Assert.java:150)
at org.testng.Assert.assertEquals(Assert.java:132)
at org.testng.Assert.assertEquals(Assert.java:656)
at org.testng.Assert.assertEquals(Assert.java:666)
at stepDefinitions.GoogleSearch_stepDef.user_can_successfully_see_the_product_iphone_phones_google_search(GoogleSearch_stepDef.java:40)
at ✽.user can successfully see the product "Iphone phones - Google Search"(file:///C:/Users/dsenthi1/eclipse-workspace/Cucumber_BDD/src/test/resources/features/Google_Search.feature:8)
]]>
            </full-stacktrace>
          </exception> <!-- java.lang.AssertionError -->
          <reporter-output>
          </reporter-output>
        </test-method> <!-- runScenario -->
        <test-method signature="runScenario(io.cucumber.testng.PickleWrapper,io.cucumber.testng.FeatureWrapper)[pri:0, instance:testRunner.GoogleSearch_TestRunner@1afd44cb]" started-at="2026-03-05T11:47:18 IST" name="runScenario" description="Runs Cucumber Scenarios" data-provider="scenarios" finished-at="2026-03-05T11:47:22 IST" duration-ms="4672" status="FAIL">
          <params>
            <param index="0">
              <value>
                <![CDATA["Google Search Test with multiple data"]]>
              </value>
            </param>
            <param index="1">
              <value>
                <![CDATA["Google Search Functionality"]]>
              </value>
            </param>
          </params>
          <exception class="java.lang.AssertionError">
            <message>
              <![CDATA[expected [Oneplus phones - Google Search] but found [Google Search]]]>
            </message>
            <full-stacktrace>
              <![CDATA[java.lang.AssertionError: expected [Oneplus phones - Google Search] but found [Google Search]
at org.testng.Assert.fail(Assert.java:111)
at org.testng.Assert.failNotEquals(Assert.java:1590)
at org.testng.Assert.assertEqualsImpl(Assert.java:150)
at org.testng.Assert.assertEquals(Assert.java:132)
at org.testng.Assert.assertEquals(Assert.java:656)
at org.testng.Assert.assertEquals(Assert.java:666)
at stepDefinitions.GoogleSearch_stepDef.user_can_successfully_see_the_product_iphone_phones_google_search(GoogleSearch_stepDef.java:40)
at ✽.user can successfully see the product "Oneplus phones - Google Search"(file:///C:/Users/dsenthi1/eclipse-workspace/Cucumber_BDD/src/test/resources/features/Google_Search.feature:8)
]]>
            </full-stacktrace>
          </exception> <!-- java.lang.AssertionError -->
          <reporter-output>
          </reporter-output>
        </test-method> <!-- runScenario -->
        <test-method is-config="true" signature="tearDownClass()[pri:0, instance:testRunner.GoogleSearch_TestRunner@1afd44cb]" started-at="2026-03-05T11:47:23 IST" name="tearDownClass" finished-at="2026-03-05T11:47:23 IST" duration-ms="30" status="PASS">
          <reporter-output>
          </reporter-output>
        </test-method> <!-- tearDownClass -->
      </class> <!-- testRunner.GoogleSearch_TestRunner -->
    </test> <!-- Surefire test -->
  </suite> <!-- Surefire suite -->
</testng-results>
