<?xml version="1.0" encoding="UTF-8"?>
<testsuite xmlns:xsi="http://www.w3.org/2001/XMLSchema-instance" xsi:noNamespaceSchemaLocation="https://maven.apache.org/surefire/maven-surefire-plugin/xsd/surefire-test-report-3.0.xsd" version="3.0" name="testRunner.GoogleSearch_TestRunner" time="16.286" tests="3" errors="0" skipped="0" failures="3">
  <properties>
[...]
</properties>
  <testcase name="runScenario[&quot;Google Search Test with multiple data&quot;, &quot;Google Search Functionality&quot;](1)" classname="testRunner.GoogleSearch_TestRunner" time="5.451">
    <failure message="expected [Samsung phones - Google Search] but found [https://www.google.com/search?safe=active&amp;q=Samsung+phones&amp;sca_esv=e44a3b63b1b18493&amp;source=hp&amp;ei=5B-pacnfJJmwwcsPmPWY8Aw&amp;iflsig=AFdpzrgAAAAAaakt9AYfDdqjI5_DdP3ULcY6PiCBV80J&amp;ved=0ahUKEwjJ4ZeXjoiTAxUZWHADHZg6Bs4Q4dUDCCg&amp;uact=5&amp;oq=Samsung+phones&amp;gs_lp=Egdnd3Mtd2l6Ig5TYW1zdW5nIHBob25lc0ggUABYHnAAeACQAQCYAQCgAQCqAQC4AQPIAQD4AQGYAgCgAgCYAwCSBwCgBwCyBwC4BwDCBwDIBwCACAA&amp;sclient=gws-wiz&amp;sei=5R-paZzZMOShnesP9LGJ6Q0&amp;safe=active]" type="java.lang.AssertionError"><![CDATA[java.lang.AssertionError: expected [Samsung phones - Google Search] but found [https://www.google.com/search?safe=active&q=Samsung+phones&sca_esv=e44a3b63b1b18493&source=hp&ei=5B-pacnfJJmwwcsPmPWY8Aw&iflsig=AFdpzrgAAAAAaakt9AYfDdqjI5_DdP3ULcY6PiCBV80J&ved=0ahUKEwjJ4ZeXjoiTAxUZWHADHZg6Bs4Q4dUDCCg&uact=5&oq=Samsung+phones&gs_lp=Egdnd3Mtd2l6Ig5TYW1zdW5nIHBob25lc0ggUABYHnAAeACQAQCYAQCgAQCqAQC4AQPIAQD4AQGYAgCgAgCYAwCSBwCgBwCyBwC4BwDCBwDIBwCACAA&sclient=gws-wiz&sei=5R-paZzZMOShnesP9LGJ6Q0&safe=active]
	at org.testng.Assert.fail(Assert.java:111)
	at org.testng.Assert.failNotEquals(Assert.java:1590)
	at org.testng.Assert.assertEqualsImpl(Assert.java:150)
	at org.testng.Assert.assertEquals(Assert.java:132)
	at org.testng.Assert.assertEquals(Assert.java:656)
	at org.testng.Assert.assertEquals(Assert.java:666)
	at stepDefinitions.GoogleSearch_stepDef.user_can_successfully_see_the_product_iphone_phones_google_search(GoogleSearch_stepDef.java:40)
	at ✽.user can successfully see the product "Samsung phones - Google Search"(file:///C:/Users/dsenthi1/eclipse-workspace/Cucumber_BDD/src/test/resources/features/Google_Search.feature:8)
]]></failure>
    <system-out><![CDATA[
@Smoke
Scenario Outline: Google Search Test with multiple data                       # src/test/resources/features/Google_Search.feature:12
  Given user can able to navigates into google website                        # stepDefinitions.GoogleSearch_stepDef.user_can_able_to_navigates_into_google_website()
  When user enters the "Samsung phones" details in the search box             # stepDefinitions.GoogleSearch_stepDef.user_enters_the_product_details_in_the_search_box(java.lang.String)
  Then user can successfully see the product "Samsung phones - Google Search" # stepDefinitions.GoogleSearch_stepDef.user_can_successfully_see_the_product_iphone_phones_google_search(java.lang.String)
      java.lang.AssertionError: expected [Samsung phones - Google Search] but found [https://www.google.com/search?safe=active&q=Samsung+phones&sca_esv=e44a3b63b1b18493&source=hp&ei=5B-pacnfJJmwwcsPmPWY8Aw&iflsig=AFdpzrgAAAAAaakt9AYfDdqjI5_DdP3ULcY6PiCBV80J&ved=0ahUKEwjJ4ZeXjoiTAxUZWHADHZg6Bs4Q4dUDCCg&uact=5&oq=Samsung+phones&gs_lp=Egdnd3Mtd2l6Ig5TYW1zdW5nIHBob25lc0ggUABYHnAAeACQAQCYAQCgAQCqAQC4AQPIAQD4AQGYAgCgAgCYAwCSBwCgBwCyBwC4BwDCBwDIBwCACAA&sclient=gws-wiz&sei=5R-paZzZMOShnesP9LGJ6Q0&safe=active]
	at org.testng.Assert.fail(Assert.java:111)
	at org.testng.Assert.failNotEquals(Assert.java:1590)
	at org.testng.Assert.assertEqualsImpl(Assert.java:150)
	at org.testng.Assert.assertEquals(Assert.java:132)
	at org.testng.Assert.assertEquals(Assert.java:656)
	at org.testng.Assert.assertEquals(Assert.java:666)
	at stepDefinitions.GoogleSearch_stepDef.user_can_successfully_see_the_product_iphone_phones_google_search(GoogleSearch_stepDef.java:40)
	at ✽.user can successfully see the product "Samsung phones - Google Search"(file:///C:/Users/dsenthi1/eclipse-workspace/Cucumber_BDD/src/test/resources/features/Google_Search.feature:8)

]]></system-out>
    <system-err><![CDATA[SLF4J(W): No SLF4J providers were found.
SLF4J(W): Defaulting to no-operation (NOP) logger implementation
SLF4J(W): See https://www.slf4j.org/codes.html#noProviders for further details.
Mar 05, 2026 11:47:10 AM org.openqa.selenium.devtools.CdpVersionFinder findNearestMatch
WARNING: Unable to find CDP implementation matching 145
Mar 05, 2026 11:47:10 AM org.openqa.selenium.chromium.ChromiumDriver lambda$new$4
WARNING: Unable to find version of CDP to use for 145.0.7632.76. You may need to include a dependency on a specific version of the CDP using something similar to `org.seleniumhq.selenium:selenium-devtools-v86:4.34.0` where the version ("v86") matches the version of the chromium-based browser you're using and the version number of the artifact is the same as Selenium's.
]]></system-err>
  </testcase>
  <testcase name="runScenario[&quot;Google Search Test with multiple data&quot;, &quot;Google Search Functionality&quot;](2)" classname="testRunner.GoogleSearch_TestRunner" time="5.063">
    <failure message="expected [Iphone phones - Google Search] but found [https://www.google.com/search?safe=active&amp;q=Iphone+phones&amp;sca_esv=e44a3b63b1b18493&amp;source=hp&amp;ei=6R-padP_G7ztseMP07HKgQI&amp;iflsig=AFdpzrgAAAAAaakt-TSlL0YUrzkGnoytjbgN-EW_R0G-&amp;ved=0ahUKEwiTmMCZjoiTAxW8dmwGHdOYMiAQ4dUDCCg&amp;uact=5&amp;oq=Iphone+phones&amp;gs_lp=Egdnd3Mtd2l6Ig1JcGhvbmUgcGhvbmVzSB9QAFgdcAB4AJABAJgBAKABAKoBALgBA8gBAPgBAZgCAKACAJgDAJIHAKAHALIHALgHAMIHAMgHAIAIAA&amp;sclient=gws-wiz&amp;sei=6h-paZnPMfbsseMPgdqjmA0&amp;safe=active]" type="java.lang.AssertionError"><![CDATA[java.lang.AssertionError: expected [Iphone phones - Google Search] but found [https://www.google.com/search?safe=active&q=Iphone+phones&sca_esv=e44a3b63b1b18493&source=hp&ei=6R-padP_G7ztseMP07HKgQI&iflsig=AFdpzrgAAAAAaakt-TSlL0YUrzkGnoytjbgN-EW_R0G-&ved=0ahUKEwiTmMCZjoiTAxW8dmwGHdOYMiAQ4dUDCCg&uact=5&oq=Iphone+phones&gs_lp=Egdnd3Mtd2l6Ig1JcGhvbmUgcGhvbmVzSB9QAFgdcAB4AJABAJgBAKABAKoBALgBA8gBAPgBAZgCAKACAJgDAJIHAKAHALIHALgHAMIHAMgHAIAIAA&sclient=gws-wiz&sei=6h-paZnPMfbsseMPgdqjmA0&safe=active]
	at org.testng.Assert.fail(Assert.java:111)
	at org.testng.Assert.failNotEquals(Assert.java:1590)
	at org.testng.Assert.assertEqualsImpl(Assert.java:150)
	at org.testng.Assert.assertEquals(Assert.java:132)
	at org.testng.Assert.assertEquals(Assert.java:656)
	at org.testng.Assert.assertEquals(Assert.java:666)
	at stepDefinitions.GoogleSearch_stepDef.user_can_successfully_see_the_product_iphone_phones_google_search(GoogleSearch_stepDef.java:40)
	at ✽.user can successfully see the product "Iphone phones - Google Search"(file:///C:/Users/dsenthi1/eclipse-workspace/Cucumber_BDD/src/test/resources/features/Google_Search.feature:8)
]]></failure>
    <system-out><![CDATA[
@Smoke
Scenario Outline: Google Search Test with multiple data                      # src/test/resources/features/Google_Search.feature:13
  Given user can able to navigates into google website                       # stepDefinitions.GoogleSearch_stepDef.user_can_able_to_navigates_into_google_website()
  When user enters the "Iphone phones" details in the search box             # stepDefinitions.GoogleSearch_stepDef.user_enters_the_product_details_in_the_search_box(java.lang.String)
  Then user can successfully see the product "Iphone phones - Google Search" # stepDefinitions.GoogleSearch_stepDef.user_can_successfully_see_the_product_iphone_phones_google_search(java.lang.String)
      java.lang.AssertionError: expected [Iphone phones - Google Search] but found [https://www.google.com/search?safe=active&q=Iphone+phones&sca_esv=e44a3b63b1b18493&source=hp&ei=6R-padP_G7ztseMP07HKgQI&iflsig=AFdpzrgAAAAAaakt-TSlL0YUrzkGnoytjbgN-EW_R0G-&ved=0ahUKEwiTmMCZjoiTAxW8dmwGHdOYMiAQ4dUDCCg&uact=5&oq=Iphone+phones&gs_lp=Egdnd3Mtd2l6Ig1JcGhvbmUgcGhvbmVzSB9QAFgdcAB4AJABAJgBAKABAKoBALgBA8gBAPgBAZgCAKACAJgDAJIHAKAHALIHALgHAMIHAMgHAIAIAA&sclient=gws-wiz&sei=6h-paZnPMfbsseMPgdqjmA0&safe=active]
	at org.testng.Assert.fail(Assert.java:111)
	at org.testng.Assert.failNotEquals(Assert.java:1590)
	at org.testng.Assert.assertEqualsImpl(Assert.java:150)
	at org.testng.Assert.assertEquals(Assert.java:132)
	at org.testng.Assert.assertEquals(Assert.java:656)
	at org.testng.Assert.assertEquals(Assert.java:666)
	at stepDefinitions.GoogleSearch_stepDef.user_can_successfully_see_the_product_iphone_phones_google_search(GoogleSearch_stepDef.java:40)
	at ✽.user can successfully see the product "Iphone phones - Google Search"(file:///C:/Users/dsenthi1/eclipse-workspace/Cucumber_BDD/src/test/resources/features/Google_Search.feature:8)

]]></system-out>
    <system-err><![CDATA[Mar 05, 2026 11:47:15 AM org.openqa.selenium.devtools.CdpVersionFinder findNearestMatch
WARNING: Unable to find CDP implementation matching 145
Mar 05, 2026 11:47:15 AM org.openqa.selenium.chromium.ChromiumDriver lambda$new$4
WARNING: Unable to find version of CDP to use for 145.0.7632.76. You may need to include a dependency on a specific version of the CDP using something similar to `org.seleniumhq.selenium:selenium-devtools-v86:4.34.0` where the version ("v86") matches the version of the chromium-based browser you're using and the version number of the artifact is the same as Selenium's.
]]></system-err>
  </testcase>
  <testcase name="runScenario[&quot;Google Search Test with multiple data&quot;, &quot;Google Search Functionality&quot;](3)" classname="testRunner.GoogleSearch_TestRunner" time="4.672">
    <failure message="expected [Oneplus phones - Google Search] but found [Google Search]" type="java.lang.AssertionError"><![CDATA[java.lang.AssertionError: expected [Oneplus phones - Google Search] but found [Google Search]
	at org.testng.Assert.fail(Assert.java:111)
	at org.testng.Assert.failNotEquals(Assert.java:1590)
	at org.testng.Assert.assertEqualsImpl(Assert.java:150)
	at org.testng.Assert.assertEquals(Assert.java:132)
	at org.testng.Assert.assertEquals(Assert.java:656)
	at org.testng.Assert.assertEquals(Assert.java:666)
	at stepDefinitions.GoogleSearch_stepDef.user_can_successfully_see_the_product_iphone_phones_google_search(GoogleSearch_stepDef.java:40)
	at ✽.user can successfully see the product "Oneplus phones - Google Search"(file:///C:/Users/dsenthi1/eclipse-workspace/Cucumber_BDD/src/test/resources/features/Google_Search.feature:8)
]]></failure>
    <system-out><![CDATA[
@Smoke
Scenario Outline: Google Search Test with multiple data                       # src/test/resources/features/Google_Search.feature:14
  Given user can able to navigates into google website                        # stepDefinitions.GoogleSearch_stepDef.user_can_able_to_navigates_into_google_website()
  When user enters the "Oneplus phones" details in the search box             # stepDefinitions.GoogleSearch_stepDef.user_enters_the_product_details_in_the_search_box(java.lang.String)
  Then user can successfully see the product "Oneplus phones - Google Search" # stepDefinitions.GoogleSearch_stepDef.user_can_successfully_see_the_product_iphone_phones_google_search(java.lang.String)
      java.lang.AssertionError: expected [Oneplus phones - Google Search] but found [Google Search]
	at org.testng.Assert.fail(Assert.java:111)
	at org.testng.Assert.failNotEquals(Assert.java:1590)
	at org.testng.Assert.assertEqualsImpl(Assert.java:150)
	at org.testng.Assert.assertEquals(Assert.java:132)
	at org.testng.Assert.assertEquals(Assert.java:656)
	at org.testng.Assert.assertEquals(Assert.java:666)
	at stepDefinitions.GoogleSearch_stepDef.user_can_successfully_see_the_product_iphone_phones_google_search(GoogleSearch_stepDef.java:40)
	at ✽.user can successfully see the product "Oneplus phones - Google Search"(file:///C:/Users/dsenthi1/eclipse-workspace/Cucumber_BDD/src/test/resources/features/Google_Search.feature:8)

]]></system-out>
    <system-err><![CDATA[Mar 05, 2026 11:47:20 AM org.openqa.selenium.devtools.CdpVersionFinder findNearestMatch
WARNING: Unable to find CDP implementation matching 145
Mar 05, 2026 11:47:20 AM org.openqa.selenium.chromium.ChromiumDriver lambda$new$4
WARNING: Unable to find version of CDP to use for 145.0.7632.76. You may need to include a dependency on a specific version of the CDP using something similar to `org.seleniumhq.selenium:selenium-devtools-v86:4.34.0` where the version ("v86") matches the version of the chromium-based browser you're using and the version number of the artifact is the same as Selenium's.
]]></system-err>
  </testcase>
</testsuite>