-------------------------------------------------------------------------------
Test set: testRunner.GoogleSearch_TestRunner
-------------------------------------------------------------------------------
Tests run: 3, Failures: 3, Errors: 0, Skipped: 0, Time elapsed: 16.29 s <<< FAILURE! -- in testRunner.GoogleSearch_TestRunner
testRunner.GoogleSearch_TestRunner.runScenario["Google Search Test with multiple data", "Google Search Functionality"](1) -- Time elapsed: 5.451 s <<< FAILURE!
java.lang.AssertionError: expected [Samsung phones - Google Search] but found [https://www.google.com/search?safe=active&q=Samsung+phones&sca_esv=e44a3b63b1b18493&source=hp&ei=5B-pacnfJJmwwcsPmPWY8Aw&iflsig=AFdpzrgAAAAAaakt9AYfDdqjI5_DdP3ULcY6PiCBV80J&ved=0ahUKEwjJ4ZeXjoiTAxUZWHADHZg6Bs4Q4dUDCCg&uact=5&oq=Samsung+phones&gs_lp=Egdnd3Mtd2l6Ig5TYW1zdW5nIHBob25lc0ggUABYHnAAeACQAQCYAQCgAQCqAQC4AQPIAQD4AQGYAgCgAgCYAwCSBwCgBwCyBwC4BwDCBwDIBwCACAA&sclient=gws-wiz&sei=5R-paZzZMOShnesP9LGJ6Q0&safe=active]
	at org.testng.Assert.fail(Assert.java:111)
	at org.testng.Assert.failNotEquals(Assert.java:1590)
	at org.testng.Assert.assertEqualsImpl(Assert.java:150)
	at org.testng.Assert.assertEquals(Assert.java:132)
	at org.testng.Assert.assertEquals(Assert.java:656)
	at org.testng.Assert.assertEquals(Assert.java:666)
	at stepDefinitions.GoogleSearch_stepDef.user_can_successfully_see_the_product_iphone_phones_google_search(GoogleSearch_stepDef.java:40)
	at ✽.user can successfully see the product "Samsung phones - Google Search"(file:///C:/Users/dsenthi1/eclipse-workspace/Cucumber_BDD/src/test/resources/features/Google_Search.feature:8)

testRunner.GoogleSearch_TestRunner.runScenario["Google Search Test with multiple data", "Google Search Functionality"](2) -- Time elapsed: 5.063 s <<< FAILURE!
java.lang.AssertionError: expected [Iphone phones - Google Search] but found [https://www.google.com/search?safe=active&q=Iphone+phones&sca_esv=e44a3b63b1b18493&source=hp&ei=6R-padP_G7ztseMP07HKgQI&iflsig=AFdpzrgAAAAAaakt-TSlL0YUrzkGnoytjbgN-EW_R0G-&ved=0ahUKEwiTmMCZjoiTAxW8dmwGHdOYMiAQ4dUDCCg&uact=5&oq=Iphone+phones&gs_lp=Egdnd3Mtd2l6Ig1JcGhvbmUgcGhvbmVzSB9QAFgdcAB4AJABAJgBAKABAKoBALgBA8gBAPgBAZgCAKACAJgDAJIHAKAHALIHALgHAMIHAMgHAIAIAA&sclient=gws-wiz&sei=6h-paZnPMfbsseMPgdqjmA0&safe=active]
	at org.testng.Assert.fail(Assert.java:111)
	at org.testng.Assert.failNotEquals(Assert.java:1590)
	at org.testng.Assert.assertEqualsImpl(Assert.java:150)
	at org.testng.Assert.assertEquals(Assert.java:132)
	at org.testng.Assert.assertEquals(Assert.java:656)
	at org.testng.Assert.assertEquals(Assert.java:666)
	at stepDefinitions.GoogleSearch_stepDef.user_can_successfully_see_the_product_iphone_phones_google_search(GoogleSearch_stepDef.java:40)
	at ✽.user can successfully see the product "Iphone phones - Google Search"(file:///C:/Users/dsenthi1/eclipse-workspace/Cucumber_BDD/src/test/resources/features/Google_Search.feature:8)

testRunner.GoogleSearch_TestRunner.runScenario["Google Search Test with multiple data", "Google Search Functionality"](3) -- Time elapsed: 4.672 s <<< FAILURE!
java.lang.AssertionError: expected [Oneplus phones - Google Search] but found [Google Search]
	at org.testng.Assert.fail(Assert.java:111)
	at org.testng.Assert.failNotEquals(Assert.java:1590)
	at org.testng.Assert.assertEqualsImpl(Assert.java:150)
	at org.testng.Assert.assertEquals(Assert.java:132)
	at org.testng.Assert.assertEquals(Assert.java:656)
	at org.testng.Assert.assertEquals(Assert.java:666)
	at stepDefinitions.GoogleSearch_stepDef.user_can_successfully_see_the_product_iphone_phones_google_search(GoogleSearch_stepDef.java:40)
	at ✽.user can successfully see the product "Oneplus phones - Google Search"(file:///C:/Users/dsenthi1/eclipse-workspace/Cucumber_BDD/src/test/resources/features/Google_Search.feature:8)

