<?xml version="1.0" encoding="UTF-8"?>
<testng-results ignored="0" total="1" passed="1" failed="0" skipped="0">
  <reporter-output>
  </reporter-output>
  <suite started-at="2026-03-17T17:01:06 IST" name="Default suite" finished-at="2026-03-17T17:01:24 IST" duration-ms="17905">
    <groups>
      <group name="cucumber">
        <method signature="AbstractTestNGCucumberTests.runScenario(io.cucumber.testng.PickleWrapper,io.cucumber.testng.FeatureWrapper)[pri:0, instance:testRunner.AutomationExercise_Runner@399c4be1]" name="runScenario" class="io.cucumber.testng.AbstractTestNGCucumberTests"/>
      </group> <!-- cucumber -->
    </groups>
    <test started-at="2026-03-17T17:01:06 IST" name="Default test" finished-at="2026-03-17T17:01:24 IST" duration-ms="17905">
      <class name="testRunner.AutomationExercise_Runner">
        <test-method is-config="true" signature="setUpClass(org.testng.ITestContext)[pri:0, instance:testRunner.AutomationExercise_Runner@399c4be1]" started-at="2026-03-17T17:01:06 IST" name="setUpClass" finished-at="2026-03-17T17:01:07 IST" duration-ms="894" status="PASS">
          <params>
            <param index="0">
              <value>
                <![CDATA[org.testng.TestRunner@34fe326d]]>
              </value>
            </param>
          </params>
          <reporter-output>
          </reporter-output>
        </test-method> <!-- setUpClass -->
        <test-method signature="runScenario(io.cucumber.testng.PickleWrapper,io.cucumber.testng.FeatureWrapper)[pri:0, instance:testRunner.AutomationExercise_Runner@399c4be1]" started-at="2026-03-17T17:01:07 IST" name="runScenario" description="Runs Cucumber Scenarios" data-provider="scenarios" finished-at="2026-03-17T17:01:24 IST" duration-ms="16876" status="PASS">
          <params>
            <param index="0">
              <value>
                <![CDATA["Register User Test case"]]>
              </value>
            </param>
            <param index="1">
              <value>
                <![CDATA["Automation Exercise Scenarios for Practise"]]>
              </value>
            </param>
          </params>
          <reporter-output>
          </reporter-output>
        </test-method> <!-- runScenario -->
        <test-method is-config="true" signature="tearDownClass()[pri:0, instance:testRunner.AutomationExercise_Runner@399c4be1]" started-at="2026-03-17T17:01:24 IST" name="tearDownClass" finished-at="2026-03-17T17:01:24 IST" duration-ms="65" status="PASS">
          <reporter-output>
          </reporter-output>
        </test-method> <!-- tearDownClass -->
      </class> <!-- testRunner.AutomationExercise_Runner -->
    </test> <!-- Default test -->
  </suite> <!-- Default suite -->
</testng-results>
