<?xml version="1.0" encoding="UTF-8"?>
<!-- Generated by org.testng.reporters.JUnitReportReporter -->
<testsuite hostname="LIN-5CD5265GX5" failures="3" tests="3" name="testRunner.GoogleSearch_TestRunner" time="16.017" errors="0" timestamp="2026-03-05T11:45:02 IST" skipped="0">
  <testcase classname="testRunner.GoogleSearch_TestRunner" name="runScenario" time="5.437">
    <failure message="expected [Oneplus phones - Google Search] but found [https://www.google.com/search?safe=active&amp;q=Oneplus+phones&amp;sca_esv=e44a3b63b1b18493&amp;source=hp&amp;ei=YR-padSBBd-WseMPzP-qCA&amp;iflsig=AFdpzrgAAAAAaaktcTUvug7Rs7MaROKeX381ZmdPUY42&amp;ved=0ahUKEwiUtrzYjYiTAxVfS2wGHcy_CgEQ4dUDCCg&amp;uact=5&amp;oq=Oneplus+phones&amp;gs_lp=Egdnd3Mtd2l6Ig5PbmVwbHVzIHBob25lc0gYUABYF3AAeACQAQCYAQCgAQCqAQC4AQPIAQD4AQGYAgCgAgCYAwCSBwCgBwCyBwC4BwDCBwDIBwCACAA&amp;sclient=gws-wiz&amp;sei=Yh-pafrZCYyX4-EP_P-n2Aw&amp;safe=active]" type="java.lang.AssertionError">
      <![CDATA[java.lang.AssertionError: expected [Oneplus phones - Google Search] but found [https://www.google.com/search?safe=active&q=Oneplus+phones&sca_esv=e44a3b63b1b18493&source=hp&ei=YR-padSBBd-WseMPzP-qCA&iflsig=AFdpzrgAAAAAaaktcTUvug7Rs7MaROKeX381ZmdPUY42&ved=0ahUKEwiUtrzYjYiTAxVfS2wGHcy_CgEQ4dUDCCg&uact=5&oq=Oneplus+phones&gs_lp=Egdnd3Mtd2l6Ig5PbmVwbHVzIHBob25lc0gYUABYF3AAeACQAQCYAQCgAQCqAQC4AQPIAQD4AQGYAgCgAgCYAwCSBwCgBwCyBwC4BwDCBwDIBwCACAA&sclient=gws-wiz&sei=Yh-pafrZCYyX4-EP_P-n2Aw&safe=active]
at org.testng.Assert.fail(Assert.java:111)
at org.testng.Assert.failNotEquals(Assert.java:1590)
at org.testng.Assert.assertEqualsImpl(Assert.java:150)
at org.testng.Assert.assertEquals(Assert.java:132)
at org.testng.Assert.assertEquals(Assert.java:656)
at org.testng.Assert.assertEquals(Assert.java:666)
at stepDefinitions.GoogleSearch_stepDef.user_can_successfully_see_the_product_iphone_phones_google_search(GoogleSearch_stepDef.java:40)
at ✽.user can successfully see the product "Oneplus phones - Google Search"(file:///C:/Users/dsenthi1/eclipse-workspace/Cucumber_BDD/src/test/java/features/Google_Search.feature:8)
]]>
    </failure>
  </testcase> <!-- runScenario -->
  <testcase classname="testRunner.GoogleSearch_TestRunner" name="runScenario" time="4.660">
    <failure message="expected [Iphone phones - Google Search] but found [https://www.google.com/search?safe=active&amp;q=Iphone+phones&amp;sca_esv=e44a3b63b1b18493&amp;source=hp&amp;ei=XB-pafLkFtiUseMPjLbZ8Aw&amp;iflsig=AFdpzrgAAAAAaaktbC5EacG1HdVx9B_StAHw3TtomnpJ&amp;ved=0ahUKEwjygp3WjYiTAxVYSmwGHQxbFs4Q4dUDCCg&amp;uact=5&amp;oq=Iphone+phones&amp;gs_lp=Egdnd3Mtd2l6Ig1JcGhvbmUgcGhvbmVzSBxQAFgacAB4AJABAJgBAKABAKoBALgBA8gBAPgBAZgCAKACAJgDAJIHAKAHALIHALgHAMIHAMgHAIAIAA&amp;sclient=gws-wiz&amp;sei=XR-padrDDbm84-EPjcvl2Q0&amp;safe=active]" type="java.lang.AssertionError">
      <![CDATA[java.lang.AssertionError: expected [Iphone phones - Google Search] but found [https://www.google.com/search?safe=active&q=Iphone+phones&sca_esv=e44a3b63b1b18493&source=hp&ei=XB-pafLkFtiUseMPjLbZ8Aw&iflsig=AFdpzrgAAAAAaaktbC5EacG1HdVx9B_StAHw3TtomnpJ&ved=0ahUKEwjygp3WjYiTAxVYSmwGHQxbFs4Q4dUDCCg&uact=5&oq=Iphone+phones&gs_lp=Egdnd3Mtd2l6Ig1JcGhvbmUgcGhvbmVzSBxQAFgacAB4AJABAJgBAKABAKoBALgBA8gBAPgBAZgCAKACAJgDAJIHAKAHALIHALgHAMIHAMgHAIAIAA&sclient=gws-wiz&sei=XR-padrDDbm84-EPjcvl2Q0&safe=active]
at org.testng.Assert.fail(Assert.java:111)
at org.testng.Assert.failNotEquals(Assert.java:1590)
at org.testng.Assert.assertEqualsImpl(Assert.java:150)
at org.testng.Assert.assertEquals(Assert.java:132)
at org.testng.Assert.assertEquals(Assert.java:656)
at org.testng.Assert.assertEquals(Assert.java:666)
at stepDefinitions.GoogleSearch_stepDef.user_can_successfully_see_the_product_iphone_phones_google_search(GoogleSearch_stepDef.java:40)
at ✽.user can successfully see the product "Iphone phones - Google Search"(file:///C:/Users/dsenthi1/eclipse-workspace/Cucumber_BDD/src/test/java/features/Google_Search.feature:8)
]]>
    </failure>
  </testcase> <!-- runScenario -->
  <testcase classname="testRunner.GoogleSearch_TestRunner" name="runScenario" time="5.920">
    <failure message="expected [Samsung phones - Google Search] but found [https://www.google.com/search?safe=active&amp;q=Samsung+phones&amp;sca_esv=e44a3b63b1b18493&amp;source=hp&amp;ei=Vh-paYXlOpHhseMPlbb24QU&amp;iflsig=AFdpzrgAAAAAaaktZniOJAUmZfjJ4TGqqiPJAWM9rEHu&amp;ved=0ahUKEwiF6NLTjYiTAxWRcGwGHRWbPVwQ4dUDCCE&amp;uact=5&amp;oq=Samsung+phones&amp;gs_lp=Egdnd3Mtd2l6Ig5TYW1zdW5nIHBob25lc0gfUABYHXAAeACQAQCYAQCgAQCqAQC4AQPIAQD4AQGYAgCgAgCYAwCSBwCgBwCyBwC4BwDCBwDIBwCACAA&amp;sclient=gws-wiz&amp;sei=WB-pady4JfHE4-EPhvu7cA&amp;safe=active]" type="java.lang.AssertionError">
      <![CDATA[java.lang.AssertionError: expected [Samsung phones - Google Search] but found [https://www.google.com/search?safe=active&q=Samsung+phones&sca_esv=e44a3b63b1b18493&source=hp&ei=Vh-paYXlOpHhseMPlbb24QU&iflsig=AFdpzrgAAAAAaaktZniOJAUmZfjJ4TGqqiPJAWM9rEHu&ved=0ahUKEwiF6NLTjYiTAxWRcGwGHRWbPVwQ4dUDCCE&uact=5&oq=Samsung+phones&gs_lp=Egdnd3Mtd2l6Ig5TYW1zdW5nIHBob25lc0gfUABYHXAAeACQAQCYAQCgAQCqAQC4AQPIAQD4AQGYAgCgAgCYAwCSBwCgBwCyBwC4BwDCBwDIBwCACAA&sclient=gws-wiz&sei=WB-pady4JfHE4-EPhvu7cA&safe=active]
at org.testng.Assert.fail(Assert.java:111)
at org.testng.Assert.failNotEquals(Assert.java:1590)
at org.testng.Assert.assertEqualsImpl(Assert.java:150)
at org.testng.Assert.assertEquals(Assert.java:132)
at org.testng.Assert.assertEquals(Assert.java:656)
at org.testng.Assert.assertEquals(Assert.java:666)
at stepDefinitions.GoogleSearch_stepDef.user_can_successfully_see_the_product_iphone_phones_google_search(GoogleSearch_stepDef.java:40)
at ✽.user can successfully see the product "Samsung phones - Google Search"(file:///C:/Users/dsenthi1/eclipse-workspace/Cucumber_BDD/src/test/java/features/Google_Search.feature:8)
]]>
    </failure>
  </testcase> <!-- runScenario -->
</testsuite> <!-- testRunner.GoogleSearch_TestRunner -->
