<?xml version="1.0" encoding="UTF-8"?>
<!-- Generated by org.testng.reporters.JUnitReportReporter -->
<testsuite hostname="LAPTOP-PUUNASBM" failures="0" tests="3" name="testRunner.GoogleSearch_TestRunner" time="0.099" errors="0" timestamp="2026-03-10T17:52:51 IST" skipped="0">
  <testcase classname="testRunner.GoogleSearch_TestRunner" name="runScenario" time="0.009"/>
  <testcase classname="testRunner.GoogleSearch_TestRunner" name="runScenario" time="0.085"/>
  <testcase classname="testRunner.GoogleSearch_TestRunner" name="runScenario" time="0.005"/>
</testsuite> <!-- testRunner.GoogleSearch_TestRunner -->
