<?xml version="1.0" encoding="UTF-8"?>
<!-- Generated by org.testng.reporters.JUnitReportReporter -->
<testsuite hostname="LIN-5CD5265GX5" failures="3" tests="3" name="testRunner.GoogleSearch_TestRunner" time="15.184" errors="0" timestamp="2026-03-05T11:47:23 IST" skipped="0">
  <testcase classname="testRunner.GoogleSearch_TestRunner" name="runScenario" time="5.065">
    <failure message="expected [Iphone phones - Google Search] but found [https://www.google.com/search?safe=active&amp;q=Iphone+phones&amp;sca_esv=e44a3b63b1b18493&amp;source=hp&amp;ei=6R-padP_G7ztseMP07HKgQI&amp;iflsig=AFdpzrgAAAAAaakt-TSlL0YUrzkGnoytjbgN-EW_R0G-&amp;ved=0ahUKEwiTmMCZjoiTAxW8dmwGHdOYMiAQ4dUDCCg&amp;uact=5&amp;oq=Iphone+phones&amp;gs_lp=Egdnd3Mtd2l6Ig1JcGhvbmUgcGhvbmVzSB9QAFgdcAB4AJABAJgBAKABAKoBALgBA8gBAPgBAZgCAKACAJgDAJIHAKAHALIHALgHAMIHAMgHAIAIAA&amp;sclient=gws-wiz&amp;sei=6h-paZnPMfbsseMPgdqjmA0&amp;safe=active]" type="java.lang.AssertionError">
      <![CDATA[java.lang.AssertionError: expected [Iphone phones - Google Search] but found [https://www.google.com/search?safe=active&q=Iphone+phones&sca_esv=e44a3b63b1b18493&source=hp&ei=6R-padP_G7ztseMP07HKgQI&iflsig=AFdpzrgAAAAAaakt-TSlL0YUrzkGnoytjbgN-EW_R0G-&ved=0ahUKEwiTmMCZjoiTAxW8dmwGHdOYMiAQ4dUDCCg&uact=5&oq=Iphone+phones&gs_lp=Egdnd3Mtd2l6Ig1JcGhvbmUgcGhvbmVzSB9QAFgdcAB4AJABAJgBAKABAKoBALgBA8gBAPgBAZgCAKACAJgDAJIHAKAHALIHALgHAMIHAMgHAIAIAA&sclient=gws-wiz&sei=6h-paZnPMfbsseMPgdqjmA0&safe=active]
at org.testng.Assert.fail(Assert.java:111)
at org.testng.Assert.failNotEquals(Assert.java:1590)
at org.testng.Assert.assertEqualsImpl(Assert.java:150)
at org.testng.Assert.assertEquals(Assert.java:132)
at org.testng.Assert.assertEquals(Assert.java:656)
at org.testng.Assert.assertEquals(Assert.java:666)
at stepDefinitions.GoogleSearch_stepDef.user_can_successfully_see_the_product_iphone_phones_google_search(GoogleSearch_stepDef.java:40)
at ✽.user can successfully see the product "Iphone phones - Google Search"(file:///C:/Users/dsenthi1/eclipse-workspace/Cucumber_BDD/src/test/resources/features/Google_Search.feature:8)
]]>
    </failure>
  </testcase> <!-- runScenario -->
  <testcase classname="testRunner.GoogleSearch_TestRunner" name="runScenario" time="5.447">
    <failure message="expected [Samsung phones - Google Search] but found [https://www.google.com/search?safe=active&amp;q=Samsung+phones&amp;sca_esv=e44a3b63b1b18493&amp;source=hp&amp;ei=5B-pacnfJJmwwcsPmPWY8Aw&amp;iflsig=AFdpzrgAAAAAaakt9AYfDdqjI5_DdP3ULcY6PiCBV80J&amp;ved=0ahUKEwjJ4ZeXjoiTAxUZWHADHZg6Bs4Q4dUDCCg&amp;uact=5&amp;oq=Samsung+phones&amp;gs_lp=Egdnd3Mtd2l6Ig5TYW1zdW5nIHBob25lc0ggUABYHnAAeACQAQCYAQCgAQCqAQC4AQPIAQD4AQGYAgCgAgCYAwCSBwCgBwCyBwC4BwDCBwDIBwCACAA&amp;sclient=gws-wiz&amp;sei=5R-paZzZMOShnesP9LGJ6Q0&amp;safe=active]" type="java.lang.AssertionError">
      <![CDATA[java.lang.AssertionError: expected [Samsung phones - Google Search] but found [https://www.google.com/search?safe=active&q=Samsung+phones&sca_esv=e44a3b63b1b18493&source=hp&ei=5B-pacnfJJmwwcsPmPWY8Aw&iflsig=AFdpzrgAAAAAaakt9AYfDdqjI5_DdP3ULcY6PiCBV80J&ved=0ahUKEwjJ4ZeXjoiTAxUZWHADHZg6Bs4Q4dUDCCg&uact=5&oq=Samsung+phones&gs_lp=Egdnd3Mtd2l6Ig5TYW1zdW5nIHBob25lc0ggUABYHnAAeACQAQCYAQCgAQCqAQC4AQPIAQD4AQGYAgCgAgCYAwCSBwCgBwCyBwC4BwDCBwDIBwCACAA&sclient=gws-wiz&sei=5R-paZzZMOShnesP9LGJ6Q0&safe=active]
at org.testng.Assert.fail(Assert.java:111)
at org.testng.Assert.failNotEquals(Assert.java:1590)
at org.testng.Assert.assertEqualsImpl(Assert.java:150)
at org.testng.Assert.assertEquals(Assert.java:132)
at org.testng.Assert.assertEquals(Assert.java:656)
at org.testng.Assert.assertEquals(Assert.java:666)
at stepDefinitions.GoogleSearch_stepDef.user_can_successfully_see_the_product_iphone_phones_google_search(GoogleSearch_stepDef.java:40)
at ✽.user can successfully see the product "Samsung phones - Google Search"(file:///C:/Users/dsenthi1/eclipse-workspace/Cucumber_BDD/src/test/resources/features/Google_Search.feature:8)
]]>
    </failure>
  </testcase> <!-- runScenario -->
  <testcase classname="testRunner.GoogleSearch_TestRunner" name="runScenario" time="4.672">
    <failure message="expected [Oneplus phones - Google Search] but found [Google Search]" type="java.lang.AssertionError">
      <![CDATA[java.lang.AssertionError: expected [Oneplus phones - Google Search] but found [Google Search]
at org.testng.Assert.fail(Assert.java:111)
at org.testng.Assert.failNotEquals(Assert.java:1590)
at org.testng.Assert.assertEqualsImpl(Assert.java:150)
at org.testng.Assert.assertEquals(Assert.java:132)
at org.testng.Assert.assertEquals(Assert.java:656)
at org.testng.Assert.assertEquals(Assert.java:666)
at stepDefinitions.GoogleSearch_stepDef.user_can_successfully_see_the_product_iphone_phones_google_search(GoogleSearch_stepDef.java:40)
at ✽.user can successfully see the product "Oneplus phones - Google Search"(file:///C:/Users/dsenthi1/eclipse-workspace/Cucumber_BDD/src/test/resources/features/Google_Search.feature:8)
]]>
    </failure>
  </testcase> <!-- runScenario -->
</testsuite> <!-- testRunner.GoogleSearch_TestRunner -->
